-------------------------------------------------------------------------------
Test set: org.sequoia.iot.demo.infopicker.services.test.GeoLocatorControllerTest
-------------------------------------------------------------------------------
Tests run: 2, Failures: 1, Errors: 0, Skipped: 0, Time elapsed: 0.504 sec <<< FAILURE! - in org.sequoia.iot.demo.infopicker.services.test.GeoLocatorControllerTest
testWhetherCorrectMapSizeIsReturnOnRightParameters(org.sequoia.iot.demo.infopicker.services.test.GeoLocatorControllerTest)  Time elapsed: 0.491 sec  <<< FAILURE!
java.lang.AssertionError: expected:<38629> but was:<38642>
	at org.junit.Assert.fail(Assert.java:88)
	at org.junit.Assert.failNotEquals(Assert.java:834)
	at org.junit.Assert.assertEquals(Assert.java:645)
	at org.junit.Assert.assertEquals(Assert.java:631)
	at org.sequoia.iot.demo.infopicker.services.test.GeoLocatorControllerTest.testWhetherCorrectMapSizeIsReturnOnRightParameters(GeoLocatorControllerTest.java:41)

