<?xml version="1.0" encoding="UTF-8"?>
<testsuite name="org.sequoia.iot.demo.infopicker.services.test.KaaControllerTest" time="0.218" tests="2" errors="0" skipped="0" failures="0">
  <properties>
[...]
</properties>
  <testcase name="testWhetherIsUserAttachedReturnedTrueOnLoginSuccessful" classname="org.sequoia.iot.demo.infopicker.services.test.KaaControllerTest" time="0.216"/>
  <testcase name="testWhetherIsUserAttachedReturnedFalseOnLoginUnSuccessful" classname="org.sequoia.iot.demo.infopicker.services.test.KaaControllerTest" time="0.002"/>
</testsuite>